<?xml version="1.0" encoding="UTF-8"?>
<!-- Generated by org.testng.reporters.JUnitReportReporter -->
<testsuite ignored="0" hostname="DESKTOP-ERSJ095" failures="0" tests="1" name="Selenium_TestNG.Selenium_Test" time="10.575" errors="0" timestamp="05 Oct 2024 17:04:54 GMT" skipped="0">
  <testcase classname="Selenium_TestNG.Selenium_Test" name="f" time="10.575"/>
</testsuite> <!-- Selenium_TestNG.Selenium_Test -->
